<?xml version="1.0" encoding="UTF-8"?>
<testsuite xmlns:xsi="http://www.w3.org/2001/XMLSchema-instance" xsi:noNamespaceSchemaLocation="https://maven.apache.org/surefire/maven-surefire-plugin/xsd/surefire-test-report-3.0.xsd" version="3.0" name="com.habitgame.SecurityIntegrationTest" time="19.235" tests="3" errors="1" skipped="0" failures="1">
  <properties>
[...]
</properties>
  <testcase name="testJwtForgeryAndIdor" classname="com.habitgame.SecurityIntegrationTest" time="1.79">
    <failure message="Status expected:&lt;200&gt; but was:&lt;403&gt;" type="java.lang.AssertionError"><![CDATA[java.lang.AssertionError: Status expected:<200> but was:<403>
	at org.springframework.test.util.AssertionErrors.fail(AssertionErrors.java:59)
	at org.springframework.test.util.AssertionErrors.assertEquals(AssertionErrors.java:122)
	at org.springframework.test.web.servlet.result.StatusResultMatchers.lambda$matcher$9(StatusResultMatchers.java:637)
	at org.springframework.test.web.servlet.MockMvc$1.andExpect(MockMvc.java:214)
	at com.habitgame.SecurityIntegrationTest.testJwtForgeryAndIdor(SecurityIntegrationTest.java:64)
	at java.base/java.lang.reflect.Method.invoke(Method.java:580)
	at java.base/java.util.ArrayList.forEach(ArrayList.java:1597)
	at java.base/java.util.ArrayList.forEach(ArrayList.java:1597)
]]></failure>
    <system-out><![CDATA[14:08:53.425 [main] INFO org.springframework.test.context.support.AnnotationConfigContextLoaderUtils -- Could not detect default configuration classes for test class [com.habitgame.SecurityIntegrationTest]: SecurityIntegrationTest does not declare any static, non-private, non-final, nested classes annotated with @Configuration.
14:08:53.611 [main] INFO org.springframework.boot.test.context.SpringBootTestContextBootstrapper -- Found @SpringBootConfiguration com.habitgame.HabitGameApplication for test class com.habitgame.SecurityIntegrationTest

  .   ____          _            __ _ _
 /\\ / ___'_ __ _ _(_)_ __  __ _ \ \ \ \
( ( )\___ | '_ | '_| | '_ \/ _` | \ \ \ \
 \\/  ___)| |_)| | | | | || (_| |  ) ) ) )
  '  |____| .__|_| |_|_| |_\__, | / / / /
 =========|_|==============|___/=/_/_/_/
 :: Spring Boot ::                (v3.2.3)

2026-03-04T14:08:54.495+05:30  INFO 8184 --- [habit-game-backend] [           main] com.habitgame.SecurityIntegrationTest    : Starting SecurityIntegrationTest using Java 23 with PID 8184 (started by shubh in D:\antigravity\habit-game-app\backend)
2026-03-04T14:08:54.499+05:30  INFO 8184 --- [habit-game-backend] [           main] com.habitgame.SecurityIntegrationTest    : No active profile set, falling back to 1 default profile: "default"
2026-03-04T14:08:57.977+05:30  INFO 8184 --- [habit-game-backend] [           main] .s.d.r.c.RepositoryConfigurationDelegate : Bootstrapping Spring Data JPA repositories in DEFAULT mode.
2026-03-04T14:08:58.255+05:30  INFO 8184 --- [habit-game-backend] [           main] .s.d.r.c.RepositoryConfigurationDelegate : Finished Spring Data repository scanning in 256 ms. Found 2 JPA repository interfaces.
2026-03-04T14:08:59.487+05:30  INFO 8184 --- [habit-game-backend] [           main] o.hibernate.jpa.internal.util.LogHelper  : HHH000204: Processing PersistenceUnitInfo [name: default]
2026-03-04T14:08:59.844+05:30  INFO 8184 --- [habit-game-backend] [           main] org.hibernate.Version                    : HHH000412: Hibernate ORM core version 6.4.4.Final
2026-03-04T14:09:00.083+05:30  INFO 8184 --- [habit-game-backend] [           main] o.h.c.internal.RegionFactoryInitiator    : HHH000026: Second-level cache disabled
2026-03-04T14:09:01.750+05:30  INFO 8184 --- [habit-game-backend] [           main] o.s.o.j.p.SpringPersistenceUnitInfo      : No LoadTimeWeaver setup: ignoring JPA class transformer
2026-03-04T14:09:01.888+05:30  INFO 8184 --- [habit-game-backend] [           main] com.zaxxer.hikari.HikariDataSource       : HikariPool-1 - Starting...
2026-03-04T14:09:02.850+05:30  INFO 8184 --- [habit-game-backend] [           main] com.zaxxer.hikari.pool.HikariPool        : HikariPool-1 - Added connection org.postgresql.jdbc.PgConnection@7e3ee128
2026-03-04T14:09:02.854+05:30  INFO 8184 --- [habit-game-backend] [           main] com.zaxxer.hikari.HikariDataSource       : HikariPool-1 - Start completed.
2026-03-04T14:09:03.018+05:30  WARN 8184 --- [habit-game-backend] [           main] org.hibernate.orm.deprecation            : HHH90000025: PostgreSQLDialect does not need to be specified explicitly using 'hibernate.dialect' (remove the property setting and it will be selected by default)
2026-03-04T14:09:06.879+05:30  INFO 8184 --- [habit-game-backend] [           main] o.h.e.t.j.p.i.JtaPlatformInitiator       : HHH000489: No JTA platform available (set 'hibernate.transaction.jta.platform' to enable JTA platform integration)
2026-03-04T14:09:07.091+05:30  INFO 8184 --- [habit-game-backend] [           main] j.LocalContainerEntityManagerFactoryBean : Initialized JPA EntityManagerFactory for persistence unit 'default'
2026-03-04T14:09:08.564+05:30  WARN 8184 --- [habit-game-backend] [           main] JpaBaseConfiguration$JpaWebConfiguration : spring.jpa.open-in-view is enabled by default. Therefore, database queries may be performed during view rendering. Explicitly configure spring.jpa.open-in-view to disable this warning
2026-03-04T14:09:09.538+05:30  INFO 8184 --- [habit-game-backend] [           main] o.s.s.web.DefaultSecurityFilterChain     : Will secure any request with [org.springframework.security.web.session.DisableEncodeUrlFilter@21399e53, org.springframework.security.web.context.request.async.WebAsyncManagerIntegrationFilter@2a6871ad, org.springframework.security.web.context.SecurityContextHolderFilter@6b7e4db6, org.springframework.security.web.header.HeaderWriterFilter@128d397c, org.springframework.web.filter.CorsFilter@260043d, org.springframework.security.web.authentication.logout.LogoutFilter@1d722bff, com.habitgame.config.JwtAuthFilter@3976910, org.springframework.security.web.savedrequest.RequestCacheAwareFilter@40ed4674, org.springframework.security.web.servletapi.SecurityContextHolderAwareRequestFilter@2ef63b6d, org.springframework.security.web.authentication.AnonymousAuthenticationFilter@3338d29d, org.springframework.security.web.session.SessionManagementFilter@73a88711, org.springframework.security.web.access.ExceptionTranslationFilter@5318731f, org.springframework.security.web.access.intercept.AuthorizationFilter@4d1f168]
2026-03-04T14:09:10.423+05:30  INFO 8184 --- [habit-game-backend] [           main] o.s.b.t.m.w.SpringBootMockServletContext : Initializing Spring TestDispatcherServlet ''
2026-03-04T14:09:10.424+05:30  INFO 8184 --- [habit-game-backend] [           main] o.s.t.web.servlet.TestDispatcherServlet  : Initializing Servlet ''
2026-03-04T14:09:10.428+05:30  INFO 8184 --- [habit-game-backend] [           main] o.s.t.web.servlet.TestDispatcherServlet  : Completed initialization in 2 ms
2026-03-04T14:09:10.484+05:30  INFO 8184 --- [habit-game-backend] [           main] com.habitgame.SecurityIntegrationTest    : Started SecurityIntegrationTest in 16.654 seconds (process running for 18.0)
Hibernate: 
    select
        h1_0.id,
        h1_0.description,
        h1_0.difficulty,
        h1_0.frequency,
        h1_0.last_completed,
        h1_0.title,
        h1_0.user_id 
    from
        habits h1_0
Hibernate: 
    select
        u1_0.id,
        u1_0.current_streak,
        u1_0.email,
        u1_0.last_action_date,
        u1_0.level,
        u1_0.longest_streak,
        u1_0.password,
        u1_0.username,
        u1_0.xp 
    from
        users u1_0
Hibernate: 
    insert 
    into
        users
        (current_streak, email, last_action_date, level, longest_streak, password, username, xp, id) 
    values
        (?, ?, ?, ?, ?, ?, ?, ?, ?)
2026-03-04T14:09:12.237+05:30  WARN 8184 --- [habit-game-backend] [           main] o.h.engine.jdbc.spi.SqlExceptionHelper   : SQL Error: 0, SQLState: 23505
2026-03-04T14:09:12.237+05:30 ERROR 8184 --- [habit-game-backend] [           main] o.h.engine.jdbc.spi.SqlExceptionHelper   : ERROR: duplicate key value violates unique constraint "users_email_key"
  Detail: Key (email)=(victim@test.com) already exists.

MockHttpServletRequest:
      HTTP Method = POST
      Request URI = /api/habits/8ee2aaf3-31b8-4165-9b07-a89cd34f29c9/complete
       Parameters = {}
          Headers = [Content-Type:"application/json;charset=UTF-8", Authorization:"Bearer eyJhbGciOiJIUzI1NiJ9.eyJzdWIiOiJ2aWN0aW0iLCJpYXQiOjE3NzI2MTM1NTEsImV4cCI6MTc3MjY5OTk1MX0.hNchbLzN3fhbYms9UqKYEyDfvV7SB_grpv_3t-nMGcQ"]
             Body = null
    Session Attrs = {}

Handler:
             Type = null

Async:
    Async started = false
     Async result = null

Resolved Exception:
             Type = null

ModelAndView:
        View name = null
             View = null
            Model = null

FlashMap:
       Attributes = null

MockHttpServletResponse:
           Status = 403
    Error message = Access Denied
          Headers = [Vary:"Origin", "Access-Control-Request-Method", "Access-Control-Request-Headers", X-Content-Type-Options:"nosniff", X-XSS-Protection:"0", Cache-Control:"no-cache, no-store, max-age=0, must-revalidate", Pragma:"no-cache", Expires:"0", X-Frame-Options:"DENY"]
     Content type = null
             Body = 
    Forwarded URL = null
   Redirected URL = null
          Cookies = []
]]></system-out>
    <system-err><![CDATA[WARNING: A Java agent has been loaded dynamically (C:\Users\shubh\.m2\repository\net\bytebuddy\byte-buddy-agent\1.14.12\byte-buddy-agent-1.14.12.jar)
WARNING: If a serviceability tool is in use, please run with -XX:+EnableDynamicAgentLoading to hide this warning
WARNING: If a serviceability tool is not in use, please run with -Djdk.instrument.traceUsage for more information
WARNING: Dynamic loading of agents will be disallowed by default in a future release
]]></system-err>
  </testcase>
  <testcase name="testDoubleCompletion" classname="com.habitgame.SecurityIntegrationTest" time="0.04">
    <error message="could not execute statement [ERROR: duplicate key value violates unique constraint &quot;users_email_key&quot;&#10;  Detail: Key (email)=(double@test.com) already exists.] [insert into users (current_streak,email,last_action_date,level,longest_streak,password,username,xp,id) values (?,?,?,?,?,?,?,?,?)]; SQL [insert into users (current_streak,email,last_action_date,level,longest_streak,password,username,xp,id) values (?,?,?,?,?,?,?,?,?)]; constraint [users_email_key]" type="org.springframework.dao.DataIntegrityViolationException"><![CDATA[org.springframework.dao.DataIntegrityViolationException: 
could not execute statement [ERROR: duplicate key value violates unique constraint "users_email_key"
  Detail: Key (email)=(double@test.com) already exists.] [insert into users (current_streak,email,last_action_date,level,longest_streak,password,username,xp,id) values (?,?,?,?,?,?,?,?,?)]; SQL [insert into users (current_streak,email,last_action_date,level,longest_streak,password,username,xp,id) values (?,?,?,?,?,?,?,?,?)]; constraint [users_email_key]
	at org.springframework.orm.jpa.vendor.HibernateJpaDialect.convertHibernateAccessException(HibernateJpaDialect.java:290)
	at org.springframework.orm.jpa.vendor.HibernateJpaDialect.translateExceptionIfPossible(HibernateJpaDialect.java:241)
	at org.springframework.orm.jpa.AbstractEntityManagerFactoryBean.translateExceptionIfPossible(AbstractEntityManagerFactoryBean.java:550)
	at org.springframework.dao.support.ChainedPersistenceExceptionTranslator.translateExceptionIfPossible(ChainedPersistenceExceptionTranslator.java:61)
	at org.springframework.dao.support.DataAccessUtils.translateIfNecessary(DataAccessUtils.java:335)
	at org.springframework.dao.support.PersistenceExceptionTranslationInterceptor.invoke(PersistenceExceptionTranslationInterceptor.java:152)
	at org.springframework.aop.framework.ReflectiveMethodInvocation.proceed(ReflectiveMethodInvocation.java:184)
	at org.springframework.data.jpa.repository.support.CrudMethodMetadataPostProcessor$CrudMethodMetadataPopulatingMethodInterceptor.invoke(CrudMethodMetadataPostProcessor.java:164)
	at org.springframework.aop.framework.ReflectiveMethodInvocation.proceed(ReflectiveMethodInvocation.java:184)
	at org.springframework.aop.interceptor.ExposeInvocationInterceptor.invoke(ExposeInvocationInterceptor.java:97)
	at org.springframework.aop.framework.ReflectiveMethodInvocation.proceed(ReflectiveMethodInvocation.java:184)
	at org.springframework.aop.framework.JdkDynamicAopProxy.invoke(JdkDynamicAopProxy.java:220)
	at jdk.proxy2/jdk.proxy2.$Proxy129.saveAndFlush(Unknown Source)
	at com.habitgame.SecurityIntegrationTest.testDoubleCompletion(SecurityIntegrationTest.java:82)
	at java.base/java.lang.reflect.Method.invoke(Method.java:580)
	at java.base/java.util.ArrayList.forEach(ArrayList.java:1597)
	at java.base/java.util.ArrayList.forEach(ArrayList.java:1597)
Caused by: org.hibernate.exception.ConstraintViolationException: could not execute statement [ERROR: duplicate key value violates unique constraint "users_email_key"
  Detail: Key (email)=(double@test.com) already exists.] [insert into users (current_streak,email,last_action_date,level,longest_streak,password,username,xp,id) values (?,?,?,?,?,?,?,?,?)]
	at org.hibernate.exception.internal.SQLStateConversionDelegate.convert(SQLStateConversionDelegate.java:97)
	at org.hibernate.exception.internal.StandardSQLExceptionConverter.convert(StandardSQLExceptionConverter.java:58)
	at org.hibernate.engine.jdbc.spi.SqlExceptionHelper.convert(SqlExceptionHelper.java:108)
	at org.hibernate.engine.jdbc.internal.ResultSetReturnImpl.executeUpdate(ResultSetReturnImpl.java:197)
	at org.hibernate.engine.jdbc.mutation.internal.AbstractMutationExecutor.performNonBatchedMutation(AbstractMutationExecutor.java:108)
	at org.hibernate.engine.jdbc.mutation.internal.MutationExecutorSingleNonBatched.performNonBatchedOperations(MutationExecutorSingleNonBatched.java:40)
	at org.hibernate.engine.jdbc.mutation.internal.AbstractMutationExecutor.execute(AbstractMutationExecutor.java:52)
	at org.hibernate.persister.entity.mutation.InsertCoordinator.doStaticInserts(InsertCoordinator.java:175)
	at org.hibernate.persister.entity.mutation.InsertCoordinator.coordinateInsert(InsertCoordinator.java:113)
	at org.hibernate.persister.entity.AbstractEntityPersister.insert(AbstractEntityPersister.java:2873)
	at org.hibernate.action.internal.EntityInsertAction.execute(EntityInsertAction.java:104)
	at org.hibernate.engine.spi.ActionQueue.executeActions(ActionQueue.java:632)
	at org.hibernate.engine.spi.ActionQueue.executeActions(ActionQueue.java:499)
	at org.hibernate.event.internal.AbstractFlushingEventListener.performExecutions(AbstractFlushingEventListener.java:363)
	at org.hibernate.event.internal.DefaultFlushEventListener.onFlush(DefaultFlushEventListener.java:41)
	at org.hibernate.event.service.internal.EventListenerGroupImpl.fireEventOnEachListener(EventListenerGroupImpl.java:127)
	at org.hibernate.internal.SessionImpl.doFlush(SessionImpl.java:1403)
	at org.hibernate.internal.SessionImpl.flush(SessionImpl.java:1389)
	at java.base/jdk.internal.reflect.DirectMethodHandleAccessor.invoke(DirectMethodHandleAccessor.java:103)
	at java.base/java.lang.reflect.Method.invoke(Method.java:580)
	at org.springframework.orm.jpa.SharedEntityManagerCreator$SharedEntityManagerInvocationHandler.invoke(SharedEntityManagerCreator.java:319)
	at jdk.proxy2/jdk.proxy2.$Proxy125.flush(Unknown Source)
	at org.springframework.data.jpa.repository.support.SimpleJpaRepository.flush(SimpleJpaRepository.java:663)
	at org.springframework.data.jpa.repository.support.SimpleJpaRepository.saveAndFlush(SimpleJpaRepository.java:630)
	at java.base/jdk.internal.reflect.DirectMethodHandleAccessor.invoke(DirectMethodHandleAccessor.java:103)
	at java.base/java.lang.reflect.Method.invoke(Method.java:580)
	at org.springframework.aop.support.AopUtils.invokeJoinpointUsingReflection(AopUtils.java:351)
	at org.springframework.data.repository.core.support.RepositoryMethodInvoker$RepositoryFragmentMethodInvoker.lambda$new$0(RepositoryMethodInvoker.java:277)
	at org.springframework.data.repository.core.support.RepositoryMethodInvoker.doInvoke(RepositoryMethodInvoker.java:170)
	at org.springframework.data.repository.core.support.RepositoryMethodInvoker.invoke(RepositoryMethodInvoker.java:158)
	at org.springframework.data.repository.core.support.RepositoryComposition$RepositoryFragments.invoke(RepositoryComposition.java:516)
	at org.springframework.data.repository.core.support.RepositoryComposition.invoke(RepositoryComposition.java:285)
	at org.springframework.data.repository.core.support.RepositoryFactorySupport$ImplementationMethodExecutionInterceptor.invoke(RepositoryFactorySupport.java:628)
	at org.springframework.aop.framework.ReflectiveMethodInvocation.proceed(ReflectiveMethodInvocation.java:184)
	at org.springframework.data.repository.core.support.QueryExecutorMethodInterceptor.doInvoke(QueryExecutorMethodInterceptor.java:168)
	at org.springframework.data.repository.core.support.QueryExecutorMethodInterceptor.invoke(QueryExecutorMethodInterceptor.java:143)
	at org.springframework.aop.framework.ReflectiveMethodInvocation.proceed(ReflectiveMethodInvocation.java:184)
	at org.springframework.data.projection.DefaultMethodInvokingMethodInterceptor.invoke(DefaultMethodInvokingMethodInterceptor.java:70)
	at org.springframework.aop.framework.ReflectiveMethodInvocation.proceed(ReflectiveMethodInvocation.java:184)
	at org.springframework.transaction.interceptor.TransactionInterceptor$1.proceedWithInvocation(TransactionInterceptor.java:123)
	at org.springframework.transaction.interceptor.TransactionAspectSupport.invokeWithinTransaction(TransactionAspectSupport.java:385)
	at org.springframework.transaction.interceptor.TransactionInterceptor.invoke(TransactionInterceptor.java:119)
	at org.springframework.aop.framework.ReflectiveMethodInvocation.proceed(ReflectiveMethodInvocation.java:184)
	at org.springframework.dao.support.PersistenceExceptionTranslationInterceptor.invoke(PersistenceExceptionTranslationInterceptor.java:137)
	... 11 more
Caused by: org.postgresql.util.PSQLException: ERROR: duplicate key value violates unique constraint "users_email_key"
  Detail: Key (email)=(double@test.com) already exists.
	at org.postgresql.core.v3.QueryExecutorImpl.receiveErrorResponse(QueryExecutorImpl.java:2713)
	at org.postgresql.core.v3.QueryExecutorImpl.processResults(QueryExecutorImpl.java:2401)
	at org.postgresql.core.v3.QueryExecutorImpl.execute(QueryExecutorImpl.java:368)
	at org.postgresql.jdbc.PgStatement.executeInternal(PgStatement.java:498)
	at org.postgresql.jdbc.PgStatement.execute(PgStatement.java:415)
	at org.postgresql.jdbc.PgPreparedStatement.executeWithFlags(PgPreparedStatement.java:190)
	at org.postgresql.jdbc.PgPreparedStatement.executeUpdate(PgPreparedStatement.java:152)
	at com.zaxxer.hikari.pool.ProxyPreparedStatement.executeUpdate(ProxyPreparedStatement.java:61)
	at com.zaxxer.hikari.pool.HikariProxyPreparedStatement.executeUpdate(HikariProxyPreparedStatement.java)
	at org.hibernate.engine.jdbc.internal.ResultSetReturnImpl.executeUpdate(ResultSetReturnImpl.java:194)
	... 51 more
]]></error>
    <system-out><![CDATA[Hibernate: 
    select
        h1_0.id,
        h1_0.description,
        h1_0.difficulty,
        h1_0.frequency,
        h1_0.last_completed,
        h1_0.title,
        h1_0.user_id 
    from
        habits h1_0
Hibernate: 
    select
        u1_0.id,
        u1_0.current_streak,
        u1_0.email,
        u1_0.last_action_date,
        u1_0.level,
        u1_0.longest_streak,
        u1_0.password,
        u1_0.username,
        u1_0.xp 
    from
        users u1_0
Hibernate: 
    insert 
    into
        users
        (current_streak, email, last_action_date, level, longest_streak, password, username, xp, id) 
    values
        (?, ?, ?, ?, ?, ?, ?, ?, ?)
2026-03-04T14:09:12.372+05:30  WARN 8184 --- [habit-game-backend] [           main] o.h.engine.jdbc.spi.SqlExceptionHelper   : SQL Error: 0, SQLState: 23505
2026-03-04T14:09:12.372+05:30 ERROR 8184 --- [habit-game-backend] [           main] o.h.engine.jdbc.spi.SqlExceptionHelper   : ERROR: duplicate key value violates unique constraint "users_email_key"
  Detail: Key (email)=(double@test.com) already exists.
]]></system-out>
  </testcase>
  <testcase name="testAuthenticationBypass" classname="com.habitgame.SecurityIntegrationTest" time="0.017">
    <system-out><![CDATA[Hibernate: 
    select
        h1_0.id,
        h1_0.description,
        h1_0.difficulty,
        h1_0.frequency,
        h1_0.last_completed,
        h1_0.title,
        h1_0.user_id 
    from
        habits h1_0
Hibernate: 
    select
        u1_0.id,
        u1_0.current_streak,
        u1_0.email,
        u1_0.last_action_date,
        u1_0.level,
        u1_0.longest_streak,
        u1_0.password,
        u1_0.username,
        u1_0.xp 
    from
        users u1_0
]]></system-out>
  </testcase>
</testsuite>